<?xml version="1.0" encoding="UTF-8"?>
<testsuite xmlns:xsi="http://www.w3.org/2001/XMLSchema-instance" xsi:noNamespaceSchemaLocation="https://maven.apache.org/surefire/maven-surefire-plugin/xsd/surefire-test-report-3.0.xsd" version="3.0" name="TestSuite" time="1.112" tests="9" errors="0" skipped="0" failures="0">
  <properties>
[...]
</properties>
  <testcase name="mobilebrowserchrome" classname="baiscs.AppiumTest" time="0.014">
    <system-out><![CDATA[mobilebrowserchrome
]]></system-out>
  </testcase>
  <testcase name="mobilebrowserfirefox" classname="baiscs.AppiumTest" time="0.004">
    <system-out><![CDATA[mobilebrowserfirefox
]]></system-out>
  </testcase>
  <testcase name="mobilebrowserinternetexplorer" classname="baiscs.AppiumTest" time="0.013">
    <system-out><![CDATA[mobilebrowserinternetexplorer
]]></system-out>
  </testcase>
  <testcase name="Apichrome" classname="baiscs.RestAPITest" time="0.004">
    <system-out><![CDATA[APIchrome
]]></system-out>
  </testcase>
  <testcase name="Apifirefox" classname="baiscs.RestAPITest" time="0.001">
    <system-out><![CDATA[Apifirefox
]]></system-out>
  </testcase>
  <testcase name="Apiie" classname="baiscs.RestAPITest" time="0.001">
    <system-out><![CDATA[APIie
]]></system-out>
  </testcase>
  <testcase name="webbrowsergoogle" classname="baiscs.WebTest" time="0.002">
    <system-out><![CDATA[webbrowsergoogle
]]></system-out>
  </testcase>
  <testcase name="webbrowserinternetexplorer" classname="baiscs.WebTest" time="0.005">
    <system-out><![CDATA[Webbrowserinternetexplorer
]]></system-out>
  </testcase>
  <testcase name="webbrowsermozillafirefox" classname="baiscs.WebTest" time="0.002">
    <system-out><![CDATA[webbrowsermozillafirefox
]]></system-out>
  </testcase>
</testsuite>