<?xml version="1.0" encoding="UTF-8"?>
<!-- Generated by org.testng.reporters.JUnitXMLReporter -->
<testsuite ignored="0" hostname="DESKTOP-EMD0UOQ" failures="0" tests="4" name="Surefire test" time="0.087" errors="0" timestamp="2020-08-14T00:45:10 IST">
  <testcase classname="baiscs.WebTest" name="car" time="0.01"/>
  <testcase classname="baiscs.WebTest" name="webbrowsergoogle" time="0.001"/>
  <testcase classname="baiscs.WebTest" name="webbrowserinternetexplorer" time="0.0"/>
  <testcase classname="baiscs.WebTest" name="webbrowsermozillafirefox" time="0.0"/>
</testsuite> <!-- Surefire test -->
