<?xml version="1.0" encoding="UTF-8"?>
<!-- Generated by org.testng.reporters.JUnitXMLReporter -->
<testsuite ignored="1" hostname="DESKTOP-EMD0UOQ" failures="0" tests="3" name="Api" time="0.005" errors="0" timestamp="2020-08-14T01:28:40 IST">
  <testcase classname="baiscs.RestAPITest" name="Apichrome" time="0.0"/>
  <testcase classname="baiscs.RestAPITest" name="Apifirefox" time="0.001"/>
  <testcase classname="baiscs.RestAPITest" name="Apiie" time="0.0"/>
  <testcase classname="baiscs.RestAPITest" name="mobile" time="0.0">
    <ignored/>
  </testcase> <!-- mobile -->
</testsuite> <!-- Api -->
