<?xml version="1.0" encoding="UTF-8"?>
<!-- Generated by org.testng.reporters.JUnitXMLReporter -->
<testsuite ignored="1" hostname="DESKTOP-EMD0UOQ" failures="0" tests="3" name="AppiumTest" time="0.073" errors="0" timestamp="2020-08-14T01:28:40 IST">
  <testcase classname="baiscs.AppiumTest" name="mobilebrowserchrome" time="0.011"/>
  <testcase classname="baiscs.AppiumTest" name="mobilebrowserfirefox" time="0.001"/>
  <testcase classname="baiscs.AppiumTest" name="mobilebrowserinternetexplorer" time="0.001"/>
  <testcase classname="baiscs.AppiumTest" name="web" time="0.0">
    <ignored/>
  </testcase> <!-- web -->
</testsuite> <!-- AppiumTest -->
