<?xml version="1.0" encoding="UTF-8"?>
<testng-results ignored="3" total="12" passed="9" failed="0" skipped="0">
  <reporter-output>
  </reporter-output>
  <suite started-at="2020-08-14T01:26:10 IST" name="Suite" finished-at="2020-08-14T01:26:10 IST" duration-ms="449">
    <groups>
    </groups>
    <test started-at="2020-08-14T01:26:10 IST" name="AppiumTest" finished-at="2020-08-14T01:26:10 IST" duration-ms="147">
      <class name="baiscs.AppiumTest">
        <test-method signature="mobilebrowserchrome()[pri:0, instance:baiscs.AppiumTest@6497b078]" started-at="2020-08-14T01:26:10 IST" name="mobilebrowserchrome" finished-at="2020-08-14T01:26:10 IST" duration-ms="19" status="PASS">
          <reporter-output>
          </reporter-output>
        </test-method> <!-- mobilebrowserchrome -->
        <test-method signature="mobilebrowserfirefox()[pri:0, instance:baiscs.AppiumTest@6497b078]" started-at="2020-08-14T01:26:10 IST" name="mobilebrowserfirefox" finished-at="2020-08-14T01:26:10 IST" duration-ms="6" status="PASS">
          <reporter-output>
          </reporter-output>
        </test-method> <!-- mobilebrowserfirefox -->
        <test-method signature="mobilebrowserinternetexplorer()[pri:0, instance:baiscs.AppiumTest@6497b078]" started-at="2020-08-14T01:26:10 IST" name="mobilebrowserinternetexplorer" finished-at="2020-08-14T01:26:10 IST" duration-ms="5" status="PASS">
          <reporter-output>
          </reporter-output>
        </test-method> <!-- mobilebrowserinternetexplorer -->
      </class> <!-- baiscs.AppiumTest -->
    </test> <!-- AppiumTest -->
    <test started-at="2020-08-14T01:26:10 IST" name="Api" finished-at="2020-08-14T01:26:10 IST" duration-ms="33">
      <class name="baiscs.RestAPITest">
        <test-method signature="Apichrome()[pri:0, instance:baiscs.RestAPITest@51f116b8]" started-at="2020-08-14T01:26:10 IST" name="Apichrome" finished-at="2020-08-14T01:26:10 IST" duration-ms="7" status="PASS">
          <reporter-output>
          </reporter-output>
        </test-method> <!-- Apichrome -->
        <test-method signature="Apifirefox()[pri:0, instance:baiscs.RestAPITest@51f116b8]" started-at="2020-08-14T01:26:10 IST" name="Apifirefox" finished-at="2020-08-14T01:26:10 IST" duration-ms="3" status="PASS">
          <reporter-output>
          </reporter-output>
        </test-method> <!-- Apifirefox -->
        <test-method signature="Apiie()[pri:0, instance:baiscs.RestAPITest@51f116b8]" started-at="2020-08-14T01:26:10 IST" name="Apiie" finished-at="2020-08-14T01:26:10 IST" duration-ms="9" status="PASS">
          <reporter-output>
          </reporter-output>
        </test-method> <!-- Apiie -->
      </class> <!-- baiscs.RestAPITest -->
    </test> <!-- Api -->
    <test started-at="2020-08-14T01:26:10 IST" name="web" finished-at="2020-08-14T01:26:10 IST" duration-ms="20">
      <class name="baiscs.WebTest">
        <test-method signature="webbrowsergoogle()[pri:0, instance:baiscs.WebTest@7671cb68]" started-at="2020-08-14T01:26:10 IST" name="webbrowsergoogle" finished-at="2020-08-14T01:26:10 IST" duration-ms="1" status="PASS">
          <reporter-output>
          </reporter-output>
        </test-method> <!-- webbrowsergoogle -->
        <test-method signature="webbrowserinternetexplorer()[pri:0, instance:baiscs.WebTest@7671cb68]" started-at="2020-08-14T01:26:10 IST" name="webbrowserinternetexplorer" finished-at="2020-08-14T01:26:10 IST" duration-ms="1" status="PASS">
          <reporter-output>
          </reporter-output>
        </test-method> <!-- webbrowserinternetexplorer -->
        <test-method signature="webbrowsermozillafirefox()[pri:0, instance:baiscs.WebTest@7671cb68]" started-at="2020-08-14T01:26:10 IST" name="webbrowsermozillafirefox" finished-at="2020-08-14T01:26:10 IST" duration-ms="4" status="PASS">
          <reporter-output>
          </reporter-output>
        </test-method> <!-- webbrowsermozillafirefox -->
      </class> <!-- baiscs.WebTest -->
    </test> <!-- web -->
  </suite> <!-- Suite -->
</testng-results>
