<?xml version="1.0" encoding="UTF-8"?>
<!-- Generated by org.testng.reporters.JUnitXMLReporter -->
<testsuite ignored="0" hostname="DESKTOP-EMD0UOQ" failures="0" tests="3" name="Default test" time="0.138" errors="0" timestamp="2020-08-13T23:05:43 IST">
  <testcase classname="baiscs.WebTesting" name="Webbrowserinternetexplorer" time="0.023"/>
  <testcase classname="baiscs.WebTesting" name="webbrowsergoogle" time="0.002"/>
  <testcase classname="baiscs.WebTesting" name="webbrowsermozillafirefox" time="0.002"/>
</testsuite> <!-- Default test -->
