<?xml version="1.0" encoding="UTF-8"?>
<!-- Generated by org.testng.reporters.JUnitXMLReporter -->
<testsuite ignored="1" hostname="DESKTOP-EMD0UOQ" failures="0" tests="3" name="AppiumTest" time="0.147" errors="0" timestamp="2020-08-14T01:26:10 IST">
  <testcase classname="baiscs.AppiumTest" name="mobilebrowserchrome" time="0.019"/>
  <testcase classname="baiscs.AppiumTest" name="mobilebrowserfirefox" time="0.006"/>
  <testcase classname="baiscs.AppiumTest" name="mobilebrowserinternetexplorer" time="0.005"/>
  <testcase classname="baiscs.AppiumTest" name="web" time="0.0">
    <ignored/>
  </testcase> <!-- web -->
</testsuite> <!-- AppiumTest -->
