<?xml version="1.0" encoding="UTF-8"?>
<!-- Generated by org.testng.reporters.JUnitXMLReporter -->
<testsuite ignored="1" hostname="DESKTOP-EMD0UOQ" failures="0" tests="3" name="web" time="0.02" errors="0" timestamp="2020-08-14T01:26:10 IST">
  <testcase classname="baiscs.WebTest" name="webbrowsergoogle" time="0.001"/>
  <testcase classname="baiscs.WebTest" name="webbrowserinternetexplorer" time="0.001"/>
  <testcase classname="baiscs.WebTest" name="webbrowsermozillafirefox" time="0.004"/>
  <testcase classname="baiscs.WebTest" name="car" time="0.0">
    <ignored/>
  </testcase> <!-- car -->
</testsuite> <!-- web -->
